  Book.cpp
  Favorites.cpp
  Login.cpp
  Main.cpp
  Shop.cpp
C:\Users\NoLimitSoftware-1\source\repos\BookStore\BookStore\Shop.cpp(129,21): warning C4018:  '<': signed/unsigned mismatch
C:\Users\NoLimitSoftware-1\source\repos\BookStore\BookStore\Shop.cpp(155,20): warning C4018:  '<': signed/unsigned mismatch
C:\Users\NoLimitSoftware-1\source\repos\BookStore\BookStore\Shop.cpp(163,20): warning C4018:  '<': signed/unsigned mismatch
C:\Users\NoLimitSoftware-1\source\repos\BookStore\BookStore\Shop.cpp(179,20): warning C4018:  '<': signed/unsigned mismatch
C:\Users\NoLimitSoftware-1\source\repos\BookStore\BookStore\Shop.cpp(187,20): warning C4018:  '<': signed/unsigned mismatch
C:\Users\NoLimitSoftware-1\source\repos\BookStore\BookStore\Shop.cpp(188,40): warning C4244:  'argument': conversion from 'double' to 'const unsigned int', possible loss of data
C:\Users\NoLimitSoftware-1\source\repos\BookStore\BookStore\Shop.cpp(203,20): warning C4018:  '<': signed/unsigned mismatch
C:\Users\NoLimitSoftware-1\source\repos\BookStore\BookStore\Shop.cpp(211,20): warning C4018:  '<': signed/unsigned mismatch
C:\Users\NoLimitSoftware-1\source\repos\BookStore\BookStore\Shop.cpp(212,40): warning C4244:  'argument': conversion from 'double' to 'const unsigned int', possible loss of data
C:\Users\NoLimitSoftware-1\source\repos\BookStore\BookStore\Shop.cpp(225,20): warning C4018:  '<': signed/unsigned mismatch
C:\Users\NoLimitSoftware-1\source\repos\BookStore\BookStore\Shop.cpp(237,20): warning C4018:  '<': signed/unsigned mismatch
C:\Users\NoLimitSoftware-1\source\repos\BookStore\BookStore\Shop.cpp(258,20): warning C4018:  '<': signed/unsigned mismatch
C:\Users\NoLimitSoftware-1\source\repos\BookStore\BookStore\Shop.cpp(286,20): warning C4018:  '<': signed/unsigned mismatch
C:\Users\NoLimitSoftware-1\source\repos\BookStore\BookStore\Shop.cpp(303,20): warning C4018:  '<': signed/unsigned mismatch
  ShoppingCart.cpp
  Generating Code...
C:\Users\NoLimitSoftware-1\source\repos\BookStore\BookStore\Shop.cpp(311,20): warning C4018:  '<': signed/unsigned mismatch
  BookStore.vcxproj -> C:\Users\NoLimitSoftware-1\source\repos\BookStore\Debug\BookStore.exe
